[0.011s] Invoking command in '/home/carl/docker_nao/undergraduate-ros-project/build/demo': CMAKE_PREFIX_PATH=${CMAKE_PREFIX_PATH}:/home/carl/docker_nao/undergraduate-ros-project/install/py_demo:/home/carl/docker_nao/undergraduate-ros-project/install/cpp:/opt/ros/humble /usr/bin/cmake --build /home/carl/docker_nao/undergraduate-ros-project/build/demo -- -j12 -l12
[0.041s] [35m[1mConsolidate compiler generated dependencies of target talker[0m
[0.050s] [ 50%] Built target listener
[0.056s] [ 75%] [32mBuilding CXX object CMakeFiles/talker.dir/src/demo.cpp.o[0m
[1.876s] [01m[K/home/carl/docker_nao/undergraduate-ros-project/src/demo/src/demo.cpp:[m[K In member function â€˜[01m[Kvoid TalkPublisher::timer_callback()[m[Kâ€™:
[1.876s] [01m[K/home/carl/docker_nao/undergraduate-ros-project/src/demo/src/demo.cpp:30:9:[m[K [01;31m[Kerror: [m[Kdeclaration of â€˜[01m[Kauto now[m[Kâ€™ has no initializer
[1.876s]    30 |         [01;31m[Kauto[m[K now;
[1.876s]       |         [01;31m[K^~~~[m[K
[2.525s] gmake[2]: *** [CMakeFiles/talker.dir/build.make:76: CMakeFiles/talker.dir/src/demo.cpp.o] Error 1
[2.526s] gmake[1]: *** [CMakeFiles/Makefile2:139: CMakeFiles/talker.dir/all] Error 2
[2.526s] gmake: *** [Makefile:146: all] Error 2
[2.527s] Invoked command in '/home/carl/docker_nao/undergraduate-ros-project/build/demo' returned '2': CMAKE_PREFIX_PATH=${CMAKE_PREFIX_PATH}:/home/carl/docker_nao/undergraduate-ros-project/install/py_demo:/home/carl/docker_nao/undergraduate-ros-project/install/cpp:/opt/ros/humble /usr/bin/cmake --build /home/carl/docker_nao/undergraduate-ros-project/build/demo -- -j12 -l12
