[01m[K/home/carl/docker_nao/undergraduate-ros-project/src/demo/src/demo.cpp:[m[K In function â€˜[01m[Kint main(int, char**)[m[Kâ€™:
[01m[K/home/carl/docker_nao/undergraduate-ros-project/src/demo/src/demo.cpp:53:13:[m[K [01;31m[Kerror: [m[Kâ€˜[01m[Kspin_node_once[m[Kâ€™ is not a member of â€˜[01m[Krclcpp[m[Kâ€™
   53 |     rclcpp::[01;31m[Kspin_node_once[m[K(std::make_shared<TalkPublisher>());
      |             [01;31m[K^~~~~~~~~~~~~~[m[K
gmake[2]: *** [CMakeFiles/demo.dir/build.make:76: CMakeFiles/demo.dir/src/demo.cpp.o] Error 1
gmake[1]: *** [CMakeFiles/Makefile2:139: CMakeFiles/demo.dir/all] Error 2
gmake[1]: *** Waiting for unfinished jobs....
gmake: *** [Makefile:146: all] Error 2
