[0.012s] Invoking command in '/home/carl/docker_nao/undergraduate-ros-project/build/demo': CMAKE_PREFIX_PATH=${CMAKE_PREFIX_PATH}:/home/carl/docker_nao/undergraduate-ros-project/install/py_demo:/home/carl/docker_nao/undergraduate-ros-project/install/cpp:/opt/ros/humble /usr/bin/cmake --build /home/carl/docker_nao/undergraduate-ros-project/build/demo -- -j12 -l12
[0.043s] [35m[1mConsolidate compiler generated dependencies of target talker[0m
[0.052s] [ 50%] Built target listener
[0.057s] [ 75%] [32mBuilding CXX object CMakeFiles/talker.dir/src/demo.cpp.o[0m
[1.874s] [01m[K/home/carl/docker_nao/undergraduate-ros-project/src/demo/src/demo.cpp:[m[K In function â€˜[01m[Kint main(int, char**)[m[Kâ€™:
[1.874s] [01m[K/home/carl/docker_nao/undergraduate-ros-project/src/demo/src/demo.cpp:54:13:[m[K [01;31m[Kerror: [m[Kâ€˜[01m[Kspin_once[m[Kâ€™ is not a member of â€˜[01m[Krclcpp[m[Kâ€™; did you mean â€˜[01m[Kspin_some[m[Kâ€™?
[1.874s]    54 |     rclcpp::[01;31m[Kspin_once[m[K(std::make_shared<TalkPublisher>());
[1.874s]       |             [01;31m[K^~~~~~~~~[m[K
[1.874s]       |             [32m[Kspin_some[m[K
[2.470s] gmake[2]: *** [CMakeFiles/talker.dir/build.make:76: CMakeFiles/talker.dir/src/demo.cpp.o] Error 1
[2.470s] gmake[1]: *** [CMakeFiles/Makefile2:139: CMakeFiles/talker.dir/all] Error 2
[2.471s] gmake: *** [Makefile:146: all] Error 2
[2.472s] Invoked command in '/home/carl/docker_nao/undergraduate-ros-project/build/demo' returned '2': CMAKE_PREFIX_PATH=${CMAKE_PREFIX_PATH}:/home/carl/docker_nao/undergraduate-ros-project/install/py_demo:/home/carl/docker_nao/undergraduate-ros-project/install/cpp:/opt/ros/humble /usr/bin/cmake --build /home/carl/docker_nao/undergraduate-ros-project/build/demo -- -j12 -l12
