[01m[K/home/carl/docker_nao/undergraduate-ros-project/src/demo/src/demo.cpp:[m[K In member function â€˜[01m[Kvoid TalkPublisher::timer_callback()[m[Kâ€™:
[01m[K/home/carl/docker_nao/undergraduate-ros-project/src/demo/src/demo.cpp:40:14:[m[K [01;31m[Kerror: [m[Kconflicting declaration â€˜[01m[Kauto now[m[Kâ€™
   40 |         auto [01;31m[Know[m[K = std::time(0);
      |              [01;31m[K^~~[m[K
[01m[K/home/carl/docker_nao/undergraduate-ros-project/src/demo/src/demo.cpp:30:14:[m[K [01;36m[Knote: [m[Kprevious declaration as â€˜[01m[Klong int now[m[Kâ€™
   30 |         auto [01;36m[Know[m[K = std::time(0);
      |              [01;36m[K^~~[m[K
[01m[K/home/carl/docker_nao/undergraduate-ros-project/src/demo/src/demo.cpp:[m[K In function â€˜[01m[Kint main(int, char**)[m[Kâ€™:
[01m[K/home/carl/docker_nao/undergraduate-ros-project/src/demo/src/demo.cpp:53:13:[m[K [01;31m[Kerror: [m[Kâ€˜[01m[Kspin_once[m[Kâ€™ is not a member of â€˜[01m[Krclcpp[m[Kâ€™; did you mean â€˜[01m[Kspin_some[m[Kâ€™?
   53 |     rclcpp::[01;31m[Kspin_once[m[K(std::make_shared<TalkPublisher>());
      |             [01;31m[K^~~~~~~~~[m[K
      |             [32m[Kspin_some[m[K
gmake[2]: *** [CMakeFiles/demo.dir/build.make:76: CMakeFiles/demo.dir/src/demo.cpp.o] Error 1
gmake[1]: *** [CMakeFiles/Makefile2:137: CMakeFiles/demo.dir/all] Error 2
gmake: *** [Makefile:146: all] Error 2
