-- Found ament_cmake: 1.3.2 (/opt/ros/humble/share/ament_cmake/cmake)
-- Found rclcpp: 16.0.1 (/opt/ros/humble/share/rclcpp/cmake)
-- Found rosidl_generator_c: 3.1.3 (/opt/ros/humble/share/rosidl_generator_c/cmake)
-- Found rosidl_adapter: 3.1.3 (/opt/ros/humble/share/rosidl_adapter/cmake)
-- Found rosidl_generator_cpp: 3.1.3 (/opt/ros/humble/share/rosidl_generator_cpp/cmake)
-- Using all available rosidl_typesupport_c: rosidl_typesupport_fastrtps_c;rosidl_typesupport_introspection_c
-- Using all available rosidl_typesupport_cpp: rosidl_typesupport_fastrtps_cpp;rosidl_typesupport_introspection_cpp
-- Found rmw_implementation_cmake: 6.1.0 (/opt/ros/humble/share/rmw_implementation_cmake/cmake)
-- Found rmw_fastrtps_cpp: 6.2.1 (/opt/ros/humble/share/rmw_fastrtps_cpp/cmake)
-- Using RMW implementation 'rmw_fastrtps_cpp' as default
-- Found ament_lint_auto: 0.12.4 (/opt/ros/humble/share/ament_lint_auto/cmake)
-- Added test 'cppcheck' to perform static code analysis on C / C++ code
-- Configured cppcheck include dirs: 
-- Configured cppcheck exclude dirs and/or files: 
-- Added test 'lint_cmake' to check CMake code style
-- Added test 'uncrustify' to check C / C++ code style
-- Configured uncrustify additional arguments: 
-- Added test 'xmllint' to check XML markup files
-- Configuring done
-- Generating done
-- Build files have been written to: /home/carl/docker_nao/undergraduate-ros-project/build/demo
[ 50%] [32mBuilding CXX object CMakeFiles/demo.dir/src/demo.cpp.o[0m
[01m[K/home/carl/docker_nao/undergraduate-ros-project/src/demo/src/demo.cpp:[m[K In member function â€˜[01m[Kvoid TalkPublisher::timer_callback()[m[Kâ€™:
[01m[K/home/carl/docker_nao/undergraduate-ros-project/src/demo/src/demo.cpp:40:14:[m[K [01;31m[Kerror: [m[Kconflicting declaration â€˜[01m[Kauto now[m[Kâ€™
   40 |         auto [01;31m[Know[m[K = std::time(0);
      |              [01;31m[K^~~[m[K
[01m[K/home/carl/docker_nao/undergraduate-ros-project/src/demo/src/demo.cpp:30:14:[m[K [01;36m[Knote: [m[Kprevious declaration as â€˜[01m[Klong int now[m[Kâ€™
   30 |         auto [01;36m[Know[m[K = std::time(0);
      |              [01;36m[K^~~[m[K
[01m[K/home/carl/docker_nao/undergraduate-ros-project/src/demo/src/demo.cpp:[m[K In function â€˜[01m[Kint main(int, char**)[m[Kâ€™:
[01m[K/home/carl/docker_nao/undergraduate-ros-project/src/demo/src/demo.cpp:53:13:[m[K [01;31m[Kerror: [m[Kâ€˜[01m[Kspin_once[m[Kâ€™ is not a member of â€˜[01m[Krclcpp[m[Kâ€™; did you mean â€˜[01m[Kspin_some[m[Kâ€™?
   53 |     rclcpp::[01;31m[Kspin_once[m[K(std::make_shared<TalkPublisher>());
      |             [01;31m[K^~~~~~~~~[m[K
      |             [32m[Kspin_some[m[K
gmake[2]: *** [CMakeFiles/demo.dir/build.make:76: CMakeFiles/demo.dir/src/demo.cpp.o] Error 1
gmake[1]: *** [CMakeFiles/Makefile2:137: CMakeFiles/demo.dir/all] Error 2
gmake: *** [Makefile:146: all] Error 2
