[0.013s] Invoking command in '/home/carl/docker_nao/undergraduate-ros-project/build/demo': CMAKE_PREFIX_PATH=/home/carl/docker_nao/undergraduate-ros-project/install/py_demo:/home/carl/docker_nao/undergraduate-ros-project/install/cpp:/opt/ros/humble /usr/bin/cmake --build /home/carl/docker_nao/undergraduate-ros-project/build/demo -- -j12 -l12
[0.031s] -- Found ament_cmake: 1.3.2 (/opt/ros/humble/share/ament_cmake/cmake)
[0.135s] -- Found rclcpp: 16.0.1 (/opt/ros/humble/share/rclcpp/cmake)
[0.163s] -- Found rosidl_generator_c: 3.1.3 (/opt/ros/humble/share/rosidl_generator_c/cmake)
[0.165s] -- Found rosidl_adapter: 3.1.3 (/opt/ros/humble/share/rosidl_adapter/cmake)
[0.170s] -- Found rosidl_generator_cpp: 3.1.3 (/opt/ros/humble/share/rosidl_generator_cpp/cmake)
[0.182s] -- Using all available rosidl_typesupport_c: rosidl_typesupport_fastrtps_c;rosidl_typesupport_introspection_c
[0.195s] -- Using all available rosidl_typesupport_cpp: rosidl_typesupport_fastrtps_cpp;rosidl_typesupport_introspection_cpp
[0.248s] -- Found rmw_implementation_cmake: 6.1.0 (/opt/ros/humble/share/rmw_implementation_cmake/cmake)
[0.249s] -- Found rmw_fastrtps_cpp: 6.2.1 (/opt/ros/humble/share/rmw_fastrtps_cpp/cmake)
[0.350s] -- Using RMW implementation 'rmw_fastrtps_cpp' as default
[0.487s] -- Found ament_lint_auto: 0.12.4 (/opt/ros/humble/share/ament_lint_auto/cmake)
[0.544s] -- Added test 'cppcheck' to perform static code analysis on C / C++ code
[0.544s] -- Configured cppcheck include dirs: 
[0.544s] -- Configured cppcheck exclude dirs and/or files: 
[0.545s] -- Added test 'lint_cmake' to check CMake code style
[0.547s] -- Added test 'uncrustify' to check C / C++ code style
[0.547s] -- Configured uncrustify additional arguments: 
[0.548s] -- Added test 'xmllint' to check XML markup files
[0.548s] -- Configuring done
[0.556s] -- Generating done
[0.557s] -- Build files have been written to: /home/carl/docker_nao/undergraduate-ros-project/build/demo
[0.582s] [ 50%] [32mBuilding CXX object CMakeFiles/demo.dir/src/demo.cpp.o[0m
[4.136s] [01m[K/home/carl/docker_nao/undergraduate-ros-project/src/demo/src/demo.cpp:[m[K In member function â€˜[01m[Kvoid TalkPublisher::timer_callback()[m[Kâ€™:
[4.136s] [01m[K/home/carl/docker_nao/undergraduate-ros-project/src/demo/src/demo.cpp:40:14:[m[K [01;31m[Kerror: [m[Kconflicting declaration â€˜[01m[Kauto now[m[Kâ€™
[4.136s]    40 |         auto [01;31m[Know[m[K = std::time(0);
[4.136s]       |              [01;31m[K^~~[m[K
[4.136s] [01m[K/home/carl/docker_nao/undergraduate-ros-project/src/demo/src/demo.cpp:30:14:[m[K [01;36m[Knote: [m[Kprevious declaration as â€˜[01m[Klong int now[m[Kâ€™
[4.136s]    30 |         auto [01;36m[Know[m[K = std::time(0);
[4.136s]       |              [01;36m[K^~~[m[K
[4.137s] [01m[K/home/carl/docker_nao/undergraduate-ros-project/src/demo/src/demo.cpp:[m[K In function â€˜[01m[Kint main(int, char**)[m[Kâ€™:
[4.137s] [01m[K/home/carl/docker_nao/undergraduate-ros-project/src/demo/src/demo.cpp:53:13:[m[K [01;31m[Kerror: [m[Kâ€˜[01m[Kspin_once[m[Kâ€™ is not a member of â€˜[01m[Krclcpp[m[Kâ€™; did you mean â€˜[01m[Kspin_some[m[Kâ€™?
[4.137s]    53 |     rclcpp::[01;31m[Kspin_once[m[K(std::make_shared<TalkPublisher>());
[4.137s]       |             [01;31m[K^~~~~~~~~[m[K
[4.137s]       |             [32m[Kspin_some[m[K
[5.373s] gmake[2]: *** [CMakeFiles/demo.dir/build.make:76: CMakeFiles/demo.dir/src/demo.cpp.o] Error 1
[5.374s] gmake[1]: *** [CMakeFiles/Makefile2:137: CMakeFiles/demo.dir/all] Error 2
[5.375s] gmake: *** [Makefile:146: all] Error 2
[5.381s] Invoked command in '/home/carl/docker_nao/undergraduate-ros-project/build/demo' returned '2': CMAKE_PREFIX_PATH=/home/carl/docker_nao/undergraduate-ros-project/install/py_demo:/home/carl/docker_nao/undergraduate-ros-project/install/cpp:/opt/ros/humble /usr/bin/cmake --build /home/carl/docker_nao/undergraduate-ros-project/build/demo -- -j12 -l12
