[0.012s] Invoking command in '/home/carl/docker_nao/undergraduate-ros-project/build/demo': CMAKE_PREFIX_PATH=${CMAKE_PREFIX_PATH}:/home/carl/docker_nao/undergraduate-ros-project/install/py_demo:/home/carl/docker_nao/undergraduate-ros-project/install/cpp:/opt/ros/humble /usr/bin/cmake --build /home/carl/docker_nao/undergraduate-ros-project/build/demo -- -j12 -l12
[0.042s] [35m[1mConsolidate compiler generated dependencies of target talker[0m
[0.053s] [ 50%] Built target listener
[0.056s] [ 75%] [32mBuilding CXX object CMakeFiles/talker.dir/src/demo.cpp.o[0m
[1.859s] [01m[K/home/carl/docker_nao/undergraduate-ros-project/src/demo/src/demo.cpp:[m[K In member function â€˜[01m[Kvoid TalkPublisher::timer_callback()[m[Kâ€™:
[1.859s] [01m[K/home/carl/docker_nao/undergraduate-ros-project/src/demo/src/demo.cpp:42:37:[m[K [01;31m[Kerror: [m[Kinvalid operands of types â€˜[01m[Kconst char [10][m[Kâ€™ and â€˜[01m[Kchar*[m[Kâ€™ to binary â€˜[01m[Koperator+[m[Kâ€™
[1.859s]    42 |         message.data += [32m[K"Today is "[m[K [01;31m[K+[m[K [34m[Know_str[m[K;
[1.859s]       |                         [32m[K~~~~~~~~~~~[m[K [01;31m[K^[m[K [34m[K~~~~~~~[m[K
[1.859s]       |                         [32m[K|[m[K             [34m[K|[m[K
[1.859s]       |                         [32m[K|[m[K             [34m[Kchar*[m[K
[1.860s]       |                         [32m[Kconst char [10][m[K
[2.499s] gmake[2]: *** [CMakeFiles/talker.dir/build.make:76: CMakeFiles/talker.dir/src/demo.cpp.o] Error 1
[2.499s] gmake[1]: *** [CMakeFiles/Makefile2:139: CMakeFiles/talker.dir/all] Error 2
[2.499s] gmake: *** [Makefile:146: all] Error 2
[2.502s] Invoked command in '/home/carl/docker_nao/undergraduate-ros-project/build/demo' returned '2': CMAKE_PREFIX_PATH=${CMAKE_PREFIX_PATH}:/home/carl/docker_nao/undergraduate-ros-project/install/py_demo:/home/carl/docker_nao/undergraduate-ros-project/install/cpp:/opt/ros/humble /usr/bin/cmake --build /home/carl/docker_nao/undergraduate-ros-project/build/demo -- -j12 -l12
